
AVRASM ver. 2.1.30  E:\CodeVision\BIN\Debug\List\MicroLab_1.asm Sat Oct 02 22:53:28 2021

E:\CodeVision\BIN\Debug\List\MicroLab_1.asm(1088): warning: Register r5 already defined by the .DEF directive
                 
                 
                 ;CodeVisionAVR C Compiler V3.12 Advanced
                 ;(C) Copyright 1998-2014 Pavel Haiduc, HP InfoTech s.r.l.
                 ;http://www.hpinfotech.com
                 
                 ;Build configuration    : Debug
                 ;Chip type              : ATmega32
                 ;Program type           : Application
                 ;Clock frequency        : 8/000000 MHz
                 ;Memory model           : Small
                 ;Optimize for           : Size
                 ;(s)printf features     : int, width
                 ;(s)scanf features      : int, width
                 ;External RAM size      : 0
                 ;Data Stack size        : 512 byte(s)
                 ;Heap size              : 0 byte(s)
                 ;Promote 'char' to 'int': Yes
                 ;'char' is unsigned     : Yes
                 ;8 bit enums            : Yes
                 ;Global 'const' stored in FLASH: No
                 ;Enhanced function parameter passing: Yes
                 ;Enhanced core instructions: On
                 ;Automatic register allocation for global variables: On
                 ;Smart register allocation: On
                 
                 	#define _MODEL_SMALL_
                 
                 	#pragma AVRPART ADMIN PART_NAME ATmega32
                 	#pragma AVRPART MEMORY PROG_FLASH 32768
                 	#pragma AVRPART MEMORY EEPROM 1024
                 	#pragma AVRPART MEMORY INT_SRAM SIZE 2048
                 	#pragma AVRPART MEMORY INT_SRAM START_ADDR 0x60
                 
                 	#define CALL_SUPPORTED 1
                 
                 	.LISTMAC
                 	.EQU UDRE=0x5
                 	.EQU RXC=0x7
                 	.EQU USR=0xB
                 	.EQU UDR=0xC
                 	.EQU SPSR=0xE
                 	.EQU SPDR=0xF
                 	.EQU EERE=0x0
                 	.EQU EEWE=0x1
                 	.EQU EEMWE=0x2
                 	.EQU EECR=0x1C
                 	.EQU EEDR=0x1D
                 	.EQU EEARL=0x1E
                 	.EQU EEARH=0x1F
                 	.EQU WDTCR=0x21
                 	.EQU MCUCR=0x35
                 	.EQU GICR=0x3B
                 	.EQU SPL=0x3D
                 	.EQU SPH=0x3E
                 	.EQU SREG=0x3F
                 
                 	.DEF R0X0=R0
                 	.DEF R0X1=R1
                 	.DEF R0X2=R2
                 	.DEF R0X3=R3
                 	.DEF R0X4=R4
                 	.DEF R0X5=R5
                 	.DEF R0X6=R6
                 	.DEF R0X7=R7
                 	.DEF R0X8=R8
                 	.DEF R0X9=R9
                 	.DEF R0XA=R10
                 	.DEF R0XB=R11
                 	.DEF R0XC=R12
                 	.DEF R0XD=R13
                 	.DEF R0XE=R14
                 	.DEF R0XF=R15
                 	.DEF R0X10=R16
                 	.DEF R0X11=R17
                 	.DEF R0X12=R18
                 	.DEF R0X13=R19
                 	.DEF R0X14=R20
                 	.DEF R0X15=R21
                 	.DEF R0X16=R22
                 	.DEF R0X17=R23
                 	.DEF R0X18=R24
                 	.DEF R0X19=R25
                 	.DEF R0X1A=R26
                 	.DEF R0X1B=R27
                 	.DEF R0X1C=R28
                 	.DEF R0X1D=R29
                 	.DEF R0X1E=R30
                 	.DEF R0X1F=R31
                 
                 	.EQU __SRAM_START=0x0060
                 	.EQU __SRAM_END=0x085F
                 	.EQU __DSTACK_SIZE=0x0200
                 	.EQU __HEAP_SIZE=0x0000
                 	.EQU __CLEAR_SRAM_SIZE=__SRAM_END-__SRAM_START+1
                 
                 	.MACRO __CPD1N
                 	CPI  R30,LOW(@0)
                 	LDI  R26,HIGH(@0)
                 	CPC  R31,R26
                 	LDI  R26,BYTE3(@0)
                 	CPC  R22,R26
                 	LDI  R26,BYTE4(@0)
                 	CPC  R23,R26
                 	.ENDM
                 
                 	.MACRO __CPD2N
                 	CPI  R26,LOW(@0)
                 	LDI  R30,HIGH(@0)
                 	CPC  R27,R30
                 	LDI  R30,BYTE3(@0)
                 	CPC  R24,R30
                 	LDI  R30,BYTE4(@0)
                 	CPC  R25,R30
                 	.ENDM
                 
                 	.MACRO __CPWRR
                 	CP   R@0,R@2
                 	CPC  R@1,R@3
                 	.ENDM
                 
                 	.MACRO __CPWRN
                 	CPI  R@0,LOW(@2)
                 	LDI  R30,HIGH(@2)
                 	CPC  R@1,R30
                 	.ENDM
                 
                 	.MACRO __ADDB1MN
                 	SUBI R30,LOW(-@0-(@1))
                 	.ENDM
                 
                 	.MACRO __ADDB2MN
                 	SUBI R26,LOW(-@0-(@1))
                 	.ENDM
                 
                 	.MACRO __ADDW1MN
                 	SUBI R30,LOW(-@0-(@1))
                 	SBCI R31,HIGH(-@0-(@1))
                 	.ENDM
                 
                 	.MACRO __ADDW2MN
                 	SUBI R26,LOW(-@0-(@1))
                 	SBCI R27,HIGH(-@0-(@1))
                 	.ENDM
                 
                 	.MACRO __ADDW1FN
                 	SUBI R30,LOW(-2*@0-(@1))
                 	SBCI R31,HIGH(-2*@0-(@1))
                 	.ENDM
                 
                 	.MACRO __ADDD1FN
                 	SUBI R30,LOW(-2*@0-(@1))
                 	SBCI R31,HIGH(-2*@0-(@1))
                 	SBCI R22,BYTE3(-2*@0-(@1))
                 	.ENDM
                 
                 	.MACRO __ADDD1N
                 	SUBI R30,LOW(-@0)
                 	SBCI R31,HIGH(-@0)
                 	SBCI R22,BYTE3(-@0)
                 	SBCI R23,BYTE4(-@0)
                 	.ENDM
                 
                 	.MACRO __ADDD2N
                 	SUBI R26,LOW(-@0)
                 	SBCI R27,HIGH(-@0)
                 	SBCI R24,BYTE3(-@0)
                 	SBCI R25,BYTE4(-@0)
                 	.ENDM
                 
                 	.MACRO __SUBD1N
                 	SUBI R30,LOW(@0)
                 	SBCI R31,HIGH(@0)
                 	SBCI R22,BYTE3(@0)
                 	SBCI R23,BYTE4(@0)
                 	.ENDM
                 
                 	.MACRO __SUBD2N
                 	SUBI R26,LOW(@0)
                 	SBCI R27,HIGH(@0)
                 	SBCI R24,BYTE3(@0)
                 	SBCI R25,BYTE4(@0)
                 	.ENDM
                 
                 	.MACRO __ANDBMNN
                 	LDS  R30,@0+(@1)
                 	ANDI R30,LOW(@2)
                 	STS  @0+(@1),R30
                 	.ENDM
                 
                 	.MACRO __ANDWMNN
                 	LDS  R30,@0+(@1)
                 	ANDI R30,LOW(@2)
                 	STS  @0+(@1),R30
                 	LDS  R30,@0+(@1)+1
                 	ANDI R30,HIGH(@2)
                 	STS  @0+(@1)+1,R30
                 	.ENDM
                 
                 	.MACRO __ANDD1N
                 	ANDI R30,LOW(@0)
                 	ANDI R31,HIGH(@0)
                 	ANDI R22,BYTE3(@0)
                 	ANDI R23,BYTE4(@0)
                 	.ENDM
                 
                 	.MACRO __ANDD2N
                 	ANDI R26,LOW(@0)
                 	ANDI R27,HIGH(@0)
                 	ANDI R24,BYTE3(@0)
                 	ANDI R25,BYTE4(@0)
                 	.ENDM
                 
                 	.MACRO __ORBMNN
                 	LDS  R30,@0+(@1)
                 	ORI  R30,LOW(@2)
                 	STS  @0+(@1),R30
                 	.ENDM
                 
                 	.MACRO __ORWMNN
                 	LDS  R30,@0+(@1)
                 	ORI  R30,LOW(@2)
                 	STS  @0+(@1),R30
                 	LDS  R30,@0+(@1)+1
                 	ORI  R30,HIGH(@2)
                 	STS  @0+(@1)+1,R30
                 	.ENDM
                 
                 	.MACRO __ORD1N
                 	ORI  R30,LOW(@0)
                 	ORI  R31,HIGH(@0)
                 	ORI  R22,BYTE3(@0)
                 	ORI  R23,BYTE4(@0)
                 	.ENDM
                 
                 	.MACRO __ORD2N
                 	ORI  R26,LOW(@0)
                 	ORI  R27,HIGH(@0)
                 	ORI  R24,BYTE3(@0)
                 	ORI  R25,BYTE4(@0)
                 	.ENDM
                 
                 	.MACRO __DELAY_USB
                 	LDI  R24,LOW(@0)
                 __DELAY_USB_LOOP:
                 	DEC  R24
                 	BRNE __DELAY_USB_LOOP
                 	.ENDM
                 
                 	.MACRO __DELAY_USW
                 	LDI  R24,LOW(@0)
                 	LDI  R25,HIGH(@0)
                 __DELAY_USW_LOOP:
                 	SBIW R24,1
                 	BRNE __DELAY_USW_LOOP
                 	.ENDM
                 
                 	.MACRO __GETD1S
                 	LDD  R30,Y+@0
                 	LDD  R31,Y+@0+1
                 	LDD  R22,Y+@0+2
                 	LDD  R23,Y+@0+3
                 	.ENDM
                 
                 	.MACRO __GETD2S
                 	LDD  R26,Y+@0
                 	LDD  R27,Y+@0+1
                 	LDD  R24,Y+@0+2
                 	LDD  R25,Y+@0+3
                 	.ENDM
                 
                 	.MACRO __PUTD1S
                 	STD  Y+@0,R30
                 	STD  Y+@0+1,R31
                 	STD  Y+@0+2,R22
                 	STD  Y+@0+3,R23
                 	.ENDM
                 
                 	.MACRO __PUTD2S
                 	STD  Y+@0,R26
                 	STD  Y+@0+1,R27
                 	STD  Y+@0+2,R24
                 	STD  Y+@0+3,R25
                 	.ENDM
                 
                 	.MACRO __PUTDZ2
                 	STD  Z+@0,R26
                 	STD  Z+@0+1,R27
                 	STD  Z+@0+2,R24
                 	STD  Z+@0+3,R25
                 	.ENDM
                 
                 	.MACRO __CLRD1S
                 	STD  Y+@0,R30
                 	STD  Y+@0+1,R30
                 	STD  Y+@0+2,R30
                 	STD  Y+@0+3,R30
                 	.ENDM
                 
                 	.MACRO __POINTB1MN
                 	LDI  R30,LOW(@0+(@1))
                 	.ENDM
                 
                 	.MACRO __POINTW1MN
                 	LDI  R30,LOW(@0+(@1))
                 	LDI  R31,HIGH(@0+(@1))
                 	.ENDM
                 
                 	.MACRO __POINTD1M
                 	LDI  R30,LOW(@0)
                 	LDI  R31,HIGH(@0)
                 	LDI  R22,BYTE3(@0)
                 	LDI  R23,BYTE4(@0)
                 	.ENDM
                 
                 	.MACRO __POINTW1FN
                 	LDI  R30,LOW(2*@0+(@1))
                 	LDI  R31,HIGH(2*@0+(@1))
                 	.ENDM
                 
                 	.MACRO __POINTD1FN
                 	LDI  R30,LOW(2*@0+(@1))
                 	LDI  R31,HIGH(2*@0+(@1))
                 	LDI  R22,BYTE3(2*@0+(@1))
                 	LDI  R23,BYTE4(2*@0+(@1))
                 	.ENDM
                 
                 	.MACRO __POINTB2MN
                 	LDI  R26,LOW(@0+(@1))
                 	.ENDM
                 
                 	.MACRO __POINTW2MN
                 	LDI  R26,LOW(@0+(@1))
                 	LDI  R27,HIGH(@0+(@1))
                 	.ENDM
                 
                 	.MACRO __POINTW2FN
                 	LDI  R26,LOW(2*@0+(@1))
                 	LDI  R27,HIGH(2*@0+(@1))
                 	.ENDM
                 
                 	.MACRO __POINTD2FN
                 	LDI  R26,LOW(2*@0+(@1))
                 	LDI  R27,HIGH(2*@0+(@1))
                 	LDI  R24,BYTE3(2*@0+(@1))
                 	LDI  R25,BYTE4(2*@0+(@1))
                 	.ENDM
                 
                 	.MACRO __POINTBRM
                 	LDI  R@0,LOW(@1)
                 	.ENDM
                 
                 	.MACRO __POINTWRM
                 	LDI  R@0,LOW(@2)
                 	LDI  R@1,HIGH(@2)
                 	.ENDM
                 
                 	.MACRO __POINTBRMN
                 	LDI  R@0,LOW(@1+(@2))
                 	.ENDM
                 
                 	.MACRO __POINTWRMN
                 	LDI  R@0,LOW(@2+(@3))
                 	LDI  R@1,HIGH(@2+(@3))
                 	.ENDM
                 
                 	.MACRO __POINTWRFN
                 	LDI  R@0,LOW(@2*2+(@3))
                 	LDI  R@1,HIGH(@2*2+(@3))
                 	.ENDM
                 
                 	.MACRO __GETD1N
                 	LDI  R30,LOW(@0)
                 	LDI  R31,HIGH(@0)
                 	LDI  R22,BYTE3(@0)
                 	LDI  R23,BYTE4(@0)
                 	.ENDM
                 
                 	.MACRO __GETD2N
                 	LDI  R26,LOW(@0)
                 	LDI  R27,HIGH(@0)
                 	LDI  R24,BYTE3(@0)
                 	LDI  R25,BYTE4(@0)
                 	.ENDM
                 
                 	.MACRO __GETB1MN
                 	LDS  R30,@0+(@1)
                 	.ENDM
                 
                 	.MACRO __GETB1HMN
                 	LDS  R31,@0+(@1)
                 	.ENDM
                 
                 	.MACRO __GETW1MN
                 	LDS  R30,@0+(@1)
                 	LDS  R31,@0+(@1)+1
                 	.ENDM
                 
                 	.MACRO __GETD1MN
                 	LDS  R30,@0+(@1)
                 	LDS  R31,@0+(@1)+1
                 	LDS  R22,@0+(@1)+2
                 	LDS  R23,@0+(@1)+3
                 	.ENDM
                 
                 	.MACRO __GETBRMN
                 	LDS  R@0,@1+(@2)
                 	.ENDM
                 
                 	.MACRO __GETWRMN
                 	LDS  R@0,@2+(@3)
                 	LDS  R@1,@2+(@3)+1
                 	.ENDM
                 
                 	.MACRO __GETWRZ
                 	LDD  R@0,Z+@2
                 	LDD  R@1,Z+@2+1
                 	.ENDM
                 
                 	.MACRO __GETD2Z
                 	LDD  R26,Z+@0
                 	LDD  R27,Z+@0+1
                 	LDD  R24,Z+@0+2
                 	LDD  R25,Z+@0+3
                 	.ENDM
                 
                 	.MACRO __GETB2MN
                 	LDS  R26,@0+(@1)
                 	.ENDM
                 
                 	.MACRO __GETW2MN
                 	LDS  R26,@0+(@1)
                 	LDS  R27,@0+(@1)+1
                 	.ENDM
                 
                 	.MACRO __GETD2MN
                 	LDS  R26,@0+(@1)
                 	LDS  R27,@0+(@1)+1
                 	LDS  R24,@0+(@1)+2
                 	LDS  R25,@0+(@1)+3
                 	.ENDM
                 
                 	.MACRO __PUTB1MN
                 	STS  @0+(@1),R30
                 	.ENDM
                 
                 	.MACRO __PUTW1MN
                 	STS  @0+(@1),R30
                 	STS  @0+(@1)+1,R31
                 	.ENDM
                 
                 	.MACRO __PUTD1MN
                 	STS  @0+(@1),R30
                 	STS  @0+(@1)+1,R31
                 	STS  @0+(@1)+2,R22
                 	STS  @0+(@1)+3,R23
                 	.ENDM
                 
                 	.MACRO __PUTB1EN
                 	LDI  R26,LOW(@0+(@1))
                 	LDI  R27,HIGH(@0+(@1))
                 	CALL __EEPROMWRB
                 	.ENDM
                 
                 	.MACRO __PUTW1EN
                 	LDI  R26,LOW(@0+(@1))
                 	LDI  R27,HIGH(@0+(@1))
                 	CALL __EEPROMWRW
                 	.ENDM
                 
                 	.MACRO __PUTD1EN
                 	LDI  R26,LOW(@0+(@1))
                 	LDI  R27,HIGH(@0+(@1))
                 	CALL __EEPROMWRD
                 	.ENDM
                 
                 	.MACRO __PUTBR0MN
                 	STS  @0+(@1),R0
                 	.ENDM
                 
                 	.MACRO __PUTBMRN
                 	STS  @0+(@1),R@2
                 	.ENDM
                 
                 	.MACRO __PUTWMRN
                 	STS  @0+(@1),R@2
                 	STS  @0+(@1)+1,R@3
                 	.ENDM
                 
                 	.MACRO __PUTBZR
                 	STD  Z+@1,R@0
                 	.ENDM
                 
                 	.MACRO __PUTWZR
                 	STD  Z+@2,R@0
                 	STD  Z+@2+1,R@1
                 	.ENDM
                 
                 	.MACRO __GETW1R
                 	MOV  R30,R@0
                 	MOV  R31,R@1
                 	.ENDM
                 
                 	.MACRO __GETW2R
                 	MOV  R26,R@0
                 	MOV  R27,R@1
                 	.ENDM
                 
                 	.MACRO __GETWRN
                 	LDI  R@0,LOW(@2)
                 	LDI  R@1,HIGH(@2)
                 	.ENDM
                 
                 	.MACRO __PUTW1R
                 	MOV  R@0,R30
                 	MOV  R@1,R31
                 	.ENDM
                 
                 	.MACRO __PUTW2R
                 	MOV  R@0,R26
                 	MOV  R@1,R27
                 	.ENDM
                 
                 	.MACRO __ADDWRN
                 	SUBI R@0,LOW(-@2)
                 	SBCI R@1,HIGH(-@2)
                 	.ENDM
                 
                 	.MACRO __ADDWRR
                 	ADD  R@0,R@2
                 	ADC  R@1,R@3
                 	.ENDM
                 
                 	.MACRO __SUBWRN
                 	SUBI R@0,LOW(@2)
                 	SBCI R@1,HIGH(@2)
                 	.ENDM
                 
                 	.MACRO __SUBWRR
                 	SUB  R@0,R@2
                 	SBC  R@1,R@3
                 	.ENDM
                 
                 	.MACRO __ANDWRN
                 	ANDI R@0,LOW(@2)
                 	ANDI R@1,HIGH(@2)
                 	.ENDM
                 
                 	.MACRO __ANDWRR
                 	AND  R@0,R@2
                 	AND  R@1,R@3
                 	.ENDM
                 
                 	.MACRO __ORWRN
                 	ORI  R@0,LOW(@2)
                 	ORI  R@1,HIGH(@2)
                 	.ENDM
                 
                 	.MACRO __ORWRR
                 	OR   R@0,R@2
                 	OR   R@1,R@3
                 	.ENDM
                 
                 	.MACRO __EORWRR
                 	EOR  R@0,R@2
                 	EOR  R@1,R@3
                 	.ENDM
                 
                 	.MACRO __GETWRS
                 	LDD  R@0,Y+@2
                 	LDD  R@1,Y+@2+1
                 	.ENDM
                 
                 	.MACRO __PUTBSR
                 	STD  Y+@1,R@0
                 	.ENDM
                 
                 	.MACRO __PUTWSR
                 	STD  Y+@2,R@0
                 	STD  Y+@2+1,R@1
                 	.ENDM
                 
                 	.MACRO __MOVEWRR
                 	MOV  R@0,R@2
                 	MOV  R@1,R@3
                 	.ENDM
                 
                 	.MACRO __INWR
                 	IN   R@0,@2
                 	IN   R@1,@2+1
                 	.ENDM
                 
                 	.MACRO __OUTWR
                 	OUT  @2+1,R@1
                 	OUT  @2,R@0
                 	.ENDM
                 
                 	.MACRO __CALL1MN
                 	LDS  R30,@0+(@1)
                 	LDS  R31,@0+(@1)+1
                 	ICALL
                 	.ENDM
                 
                 	.MACRO __CALL1FN
                 	LDI  R30,LOW(2*@0+(@1))
                 	LDI  R31,HIGH(2*@0+(@1))
                 	CALL __GETW1PF
                 	ICALL
                 	.ENDM
                 
                 	.MACRO __CALL2EN
                 	PUSH R26
                 	PUSH R27
                 	LDI  R26,LOW(@0+(@1))
                 	LDI  R27,HIGH(@0+(@1))
                 	CALL __EEPROMRDW
                 	POP  R27
                 	POP  R26
                 	ICALL
                 	.ENDM
                 
                 	.MACRO __CALL2EX
                 	SUBI R26,LOW(-@0)
                 	SBCI R27,HIGH(-@0)
                 	CALL __EEPROMRDD
                 	ICALL
                 	.ENDM
                 
                 	.MACRO __GETW1STACK
                 	IN   R30,SPL
                 	IN   R31,SPH
                 	ADIW R30,@0+1
                 	LD   R0,Z+
                 	LD   R31,Z
                 	MOV  R30,R0
                 	.ENDM
                 
                 	.MACRO __GETD1STACK
                 	IN   R30,SPL
                 	IN   R31,SPH
                 	ADIW R30,@0+1
                 	LD   R0,Z+
                 	LD   R1,Z+
                 	LD   R22,Z
                 	MOVW R30,R0
                 	.ENDM
                 
                 	.MACRO __NBST
                 	BST  R@0,@1
                 	IN   R30,SREG
                 	LDI  R31,0x40
                 	EOR  R30,R31
                 	OUT  SREG,R30
                 	.ENDM
                 
                 
                 	.MACRO __PUTB1SN
                 	LDD  R26,Y+@0
                 	LDD  R27,Y+@0+1
                 	SUBI R26,LOW(-@1)
                 	SBCI R27,HIGH(-@1)
                 	ST   X,R30
                 	.ENDM
                 
                 	.MACRO __PUTW1SN
                 	LDD  R26,Y+@0
                 	LDD  R27,Y+@0+1
                 	SUBI R26,LOW(-@1)
                 	SBCI R27,HIGH(-@1)
                 	ST   X+,R30
                 	ST   X,R31
                 	.ENDM
                 
                 	.MACRO __PUTD1SN
                 	LDD  R26,Y+@0
                 	LDD  R27,Y+@0+1
                 	SUBI R26,LOW(-@1)
                 	SBCI R27,HIGH(-@1)
                 	CALL __PUTDP1
                 	.ENDM
                 
                 	.MACRO __PUTB1SNS
                 	LDD  R26,Y+@0
                 	LDD  R27,Y+@0+1
                 	ADIW R26,@1
                 	ST   X,R30
                 	.ENDM
                 
                 	.MACRO __PUTW1SNS
                 	LDD  R26,Y+@0
                 	LDD  R27,Y+@0+1
                 	ADIW R26,@1
                 	ST   X+,R30
                 	ST   X,R31
                 	.ENDM
                 
                 	.MACRO __PUTD1SNS
                 	LDD  R26,Y+@0
                 	LDD  R27,Y+@0+1
                 	ADIW R26,@1
                 	CALL __PUTDP1
                 	.ENDM
                 
                 	.MACRO __PUTB1PMN
                 	LDS  R26,@0
                 	LDS  R27,@0+1
                 	SUBI R26,LOW(-@1)
                 	SBCI R27,HIGH(-@1)
                 	ST   X,R30
                 	.ENDM
                 
                 	.MACRO __PUTW1PMN
                 	LDS  R26,@0
                 	LDS  R27,@0+1
                 	SUBI R26,LOW(-@1)
                 	SBCI R27,HIGH(-@1)
                 	ST   X+,R30
                 	ST   X,R31
                 	.ENDM
                 
                 	.MACRO __PUTD1PMN
                 	LDS  R26,@0
                 	LDS  R27,@0+1
                 	SUBI R26,LOW(-@1)
                 	SBCI R27,HIGH(-@1)
                 	CALL __PUTDP1
                 	.ENDM
                 
                 	.MACRO __PUTB1PMNS
                 	LDS  R26,@0
                 	LDS  R27,@0+1
                 	ADIW R26,@1
                 	ST   X,R30
                 	.ENDM
                 
                 	.MACRO __PUTW1PMNS
                 	LDS  R26,@0
                 	LDS  R27,@0+1
                 	ADIW R26,@1
                 	ST   X+,R30
                 	ST   X,R31
                 	.ENDM
                 
                 	.MACRO __PUTD1PMNS
                 	LDS  R26,@0
                 	LDS  R27,@0+1
                 	ADIW R26,@1
                 	CALL __PUTDP1
                 	.ENDM
                 
                 	.MACRO __PUTB1RN
                 	MOVW R26,R@0
                 	SUBI R26,LOW(-@1)
                 	SBCI R27,HIGH(-@1)
                 	ST   X,R30
                 	.ENDM
                 
                 	.MACRO __PUTW1RN
                 	MOVW R26,R@0
                 	SUBI R26,LOW(-@1)
                 	SBCI R27,HIGH(-@1)
                 	ST   X+,R30
                 	ST   X,R31
                 	.ENDM
                 
                 	.MACRO __PUTD1RN
                 	MOVW R26,R@0
                 	SUBI R26,LOW(-@1)
                 	SBCI R27,HIGH(-@1)
                 	CALL __PUTDP1
                 	.ENDM
                 
                 	.MACRO __PUTB1RNS
                 	MOVW R26,R@0
                 	ADIW R26,@1
                 	ST   X,R30
                 	.ENDM
                 
                 	.MACRO __PUTW1RNS
                 	MOVW R26,R@0
                 	ADIW R26,@1
                 	ST   X+,R30
                 	ST   X,R31
                 	.ENDM
                 
                 	.MACRO __PUTD1RNS
                 	MOVW R26,R@0
                 	ADIW R26,@1
                 	CALL __PUTDP1
                 	.ENDM
                 
                 	.MACRO __PUTB1RON
                 	MOV  R26,R@0
                 	MOV  R27,R@1
                 	SUBI R26,LOW(-@2)
                 	SBCI R27,HIGH(-@2)
                 	ST   X,R30
                 	.ENDM
                 
                 	.MACRO __PUTW1RON
                 	MOV  R26,R@0
                 	MOV  R27,R@1
                 	SUBI R26,LOW(-@2)
                 	SBCI R27,HIGH(-@2)
                 	ST   X+,R30
                 	ST   X,R31
                 	.ENDM
                 
                 	.MACRO __PUTD1RON
                 	MOV  R26,R@0
                 	MOV  R27,R@1
                 	SUBI R26,LOW(-@2)
                 	SBCI R27,HIGH(-@2)
                 	CALL __PUTDP1
                 	.ENDM
                 
                 	.MACRO __PUTB1RONS
                 	MOV  R26,R@0
                 	MOV  R27,R@1
                 	ADIW R26,@2
                 	ST   X,R30
                 	.ENDM
                 
                 	.MACRO __PUTW1RONS
                 	MOV  R26,R@0
                 	MOV  R27,R@1
                 	ADIW R26,@2
                 	ST   X+,R30
                 	ST   X,R31
                 	.ENDM
                 
                 	.MACRO __PUTD1RONS
                 	MOV  R26,R@0
                 	MOV  R27,R@1
                 	ADIW R26,@2
                 	CALL __PUTDP1
                 	.ENDM
                 
                 
                 	.MACRO __GETB1SX
                 	MOVW R30,R28
                 	SUBI R30,LOW(-@0)
                 	SBCI R31,HIGH(-@0)
                 	LD   R30,Z
                 	.ENDM
                 
                 	.MACRO __GETB1HSX
                 	MOVW R30,R28
                 	SUBI R30,LOW(-@0)
                 	SBCI R31,HIGH(-@0)
                 	LD   R31,Z
                 	.ENDM
                 
                 	.MACRO __GETW1SX
                 	MOVW R30,R28
                 	SUBI R30,LOW(-@0)
                 	SBCI R31,HIGH(-@0)
                 	LD   R0,Z+
                 	LD   R31,Z
                 	MOV  R30,R0
                 	.ENDM
                 
                 	.MACRO __GETD1SX
                 	MOVW R30,R28
                 	SUBI R30,LOW(-@0)
                 	SBCI R31,HIGH(-@0)
                 	LD   R0,Z+
                 	LD   R1,Z+
                 	LD   R22,Z+
                 	LD   R23,Z
                 	MOVW R30,R0
                 	.ENDM
                 
                 	.MACRO __GETB2SX
                 	MOVW R26,R28
                 	SUBI R26,LOW(-@0)
                 	SBCI R27,HIGH(-@0)
                 	LD   R26,X
                 	.ENDM
                 
                 	.MACRO __GETW2SX
                 	MOVW R26,R28
                 	SUBI R26,LOW(-@0)
                 	SBCI R27,HIGH(-@0)
                 	LD   R0,X+
                 	LD   R27,X
                 	MOV  R26,R0
                 	.ENDM
                 
                 	.MACRO __GETD2SX
                 	MOVW R26,R28
                 	SUBI R26,LOW(-@0)
                 	SBCI R27,HIGH(-@0)
                 	LD   R0,X+
                 	LD   R1,X+
                 	LD   R24,X+
                 	LD   R25,X
                 	MOVW R26,R0
                 	.ENDM
                 
                 	.MACRO __GETBRSX
                 	MOVW R30,R28
                 	SUBI R30,LOW(-@1)
                 	SBCI R31,HIGH(-@1)
                 	LD   R@0,Z
                 	.ENDM
                 
                 	.MACRO __GETWRSX
                 	MOVW R30,R28
                 	SUBI R30,LOW(-@2)
                 	SBCI R31,HIGH(-@2)
                 	LD   R@0,Z+
                 	LD   R@1,Z
                 	.ENDM
                 
                 	.MACRO __GETBRSX2
                 	MOVW R26,R28
                 	SUBI R26,LOW(-@1)
                 	SBCI R27,HIGH(-@1)
                 	LD   R@0,X
                 	.ENDM
                 
                 	.MACRO __GETWRSX2
                 	MOVW R26,R28
                 	SUBI R26,LOW(-@2)
                 	SBCI R27,HIGH(-@2)
                 	LD   R@0,X+
                 	LD   R@1,X
                 	.ENDM
                 
                 	.MACRO __LSLW8SX
                 	MOVW R30,R28
                 	SUBI R30,LOW(-@0)
                 	SBCI R31,HIGH(-@0)
                 	LD   R31,Z
                 	CLR  R30
                 	.ENDM
                 
                 	.MACRO __PUTB1SX
                 	MOVW R26,R28
                 	SUBI R26,LOW(-@0)
                 	SBCI R27,HIGH(-@0)
                 	ST   X,R30
                 	.ENDM
                 
                 	.MACRO __PUTW1SX
                 	MOVW R26,R28
                 	SUBI R26,LOW(-@0)
                 	SBCI R27,HIGH(-@0)
                 	ST   X+,R30
                 	ST   X,R31
                 	.ENDM
                 
                 	.MACRO __PUTD1SX
                 	MOVW R26,R28
                 	SUBI R26,LOW(-@0)
                 	SBCI R27,HIGH(-@0)
                 	ST   X+,R30
                 	ST   X+,R31
                 	ST   X+,R22
                 	ST   X,R23
                 	.ENDM
                 
                 	.MACRO __CLRW1SX
                 	MOVW R26,R28
                 	SUBI R26,LOW(-@0)
                 	SBCI R27,HIGH(-@0)
                 	ST   X+,R30
                 	ST   X,R30
                 	.ENDM
                 
                 	.MACRO __CLRD1SX
                 	MOVW R26,R28
                 	SUBI R26,LOW(-@0)
                 	SBCI R27,HIGH(-@0)
                 	ST   X+,R30
                 	ST   X+,R30
                 	ST   X+,R30
                 	ST   X,R30
                 	.ENDM
                 
                 	.MACRO __PUTB2SX
                 	MOVW R30,R28
                 	SUBI R30,LOW(-@0)
                 	SBCI R31,HIGH(-@0)
                 	ST   Z,R26
                 	.ENDM
                 
                 	.MACRO __PUTW2SX
                 	MOVW R30,R28
                 	SUBI R30,LOW(-@0)
                 	SBCI R31,HIGH(-@0)
                 	ST   Z+,R26
                 	ST   Z,R27
                 	.ENDM
                 
                 	.MACRO __PUTD2SX
                 	MOVW R30,R28
                 	SUBI R30,LOW(-@0)
                 	SBCI R31,HIGH(-@0)
                 	ST   Z+,R26
                 	ST   Z+,R27
                 	ST   Z+,R24
                 	ST   Z,R25
                 	.ENDM
                 
                 	.MACRO __PUTBSRX
                 	MOVW R30,R28
                 	SUBI R30,LOW(-@1)
                 	SBCI R31,HIGH(-@1)
                 	ST   Z,R@0
                 	.ENDM
                 
                 	.MACRO __PUTWSRX
                 	MOVW R30,R28
                 	SUBI R30,LOW(-@2)
                 	SBCI R31,HIGH(-@2)
                 	ST   Z+,R@0
                 	ST   Z,R@1
                 	.ENDM
                 
                 	.MACRO __PUTB1SNX
                 	MOVW R26,R28
                 	SUBI R26,LOW(-@0)
                 	SBCI R27,HIGH(-@0)
                 	LD   R0,X+
                 	LD   R27,X
                 	MOV  R26,R0
                 	SUBI R26,LOW(-@1)
                 	SBCI R27,HIGH(-@1)
                 	ST   X,R30
                 	.ENDM
                 
                 	.MACRO __PUTW1SNX
                 	MOVW R26,R28
                 	SUBI R26,LOW(-@0)
                 	SBCI R27,HIGH(-@0)
                 	LD   R0,X+
                 	LD   R27,X
                 	MOV  R26,R0
                 	SUBI R26,LOW(-@1)
                 	SBCI R27,HIGH(-@1)
                 	ST   X+,R30
                 	ST   X,R31
                 	.ENDM
                 
                 	.MACRO __PUTD1SNX
                 	MOVW R26,R28
                 	SUBI R26,LOW(-@0)
                 	SBCI R27,HIGH(-@0)
                 	LD   R0,X+
                 	LD   R27,X
                 	MOV  R26,R0
                 	SUBI R26,LOW(-@1)
                 	SBCI R27,HIGH(-@1)
                 	ST   X+,R30
                 	ST   X+,R31
                 	ST   X+,R22
                 	ST   X,R23
                 	.ENDM
                 
                 	.MACRO __MULBRR
                 	MULS R@0,R@1
                 	MOVW R30,R0
                 	.ENDM
                 
                 	.MACRO __MULBRRU
                 	MUL  R@0,R@1
                 	MOVW R30,R0
                 	.ENDM
                 
                 	.MACRO __MULBRR0
                 	MULS R@0,R@1
                 	.ENDM
                 
                 	.MACRO __MULBRRU0
                 	MUL  R@0,R@1
                 	.ENDM
                 
                 	.MACRO __MULBNWRU
                 	LDI  R26,@2
                 	MUL  R26,R@0
                 	MOVW R30,R0
                 	MUL  R26,R@1
                 	ADD  R31,R0
                 	.ENDM
                 
                 ;NAME DEFINITIONS FOR GLOBAL VARIABLES ALLOCATED TO REGISTERS
                 	.DEF _counter_status=R5
                 
                 	.CSEG
                 	.ORG 0x00
                 
                 ;START OF CODE MARKER
                 __START_OF_CODE:
                 
                 ;INTERRUPT VECTORS
000000 940c 0037 	JMP  __RESET
000002 940c 0000 	JMP  0x00
000004 940c 0000 	JMP  0x00
000006 940c 0000 	JMP  0x00
000008 940c 0000 	JMP  0x00
00000a 940c 0000 	JMP  0x00
00000c 940c 0000 	JMP  0x00
00000e 940c 0000 	JMP  0x00
000010 940c 0000 	JMP  0x00
000012 940c 0000 	JMP  0x00
000014 940c 0000 	JMP  0x00
000016 940c 0000 	JMP  0x00
000018 940c 0000 	JMP  0x00
00001a 940c 0000 	JMP  0x00
00001c 940c 0000 	JMP  0x00
00001e 940c 0000 	JMP  0x00
000020 940c 0000 	JMP  0x00
000022 940c 0000 	JMP  0x00
000024 940c 0000 	JMP  0x00
000026 940c 0000 	JMP  0x00
000028 940c 0000 	JMP  0x00
                 
                 ;GLOBAL REGISTER VARIABLES INITIALIZATION
                 __REG_VARS:
E:\CodeVision\BIN\Debug\List\MicroLab_1.asm(1121): warning: .cseg .db misalignment - padding zero byte
00002a 0000      	.DB  0x0
                 
                 _0x3:
00002b 063f
00002c 4f5b
00002d 6d66
00002e 077d      	.DB  0x3F,0x6,0x5B,0x4F,0x66,0x6D,0x7D,0x7
00002f 6f7f      	.DB  0x7F,0x6F
                 
                 __GLOBAL_INI_TBL:
000030 0001      	.DW  0x01
000031 0005      	.DW  0x05
000032 0054      	.DW  __REG_VARS*2
                 
000033 000a      	.DW  0x0A
000034 0260      	.DW  _numbers
000035 0056      	.DW  _0x3*2
                 
                 _0xFFFFFFFF:
000036 0000      	.DW  0
                 
                 #define __GLOBAL_INI_TBL_PRESENT 1
                 
                 __RESET:
000037 94f8      	CLI
000038 27ee      	CLR  R30
000039 bbec      	OUT  EECR,R30
                 
                 ;INTERRUPT VECTORS ARE PLACED
                 ;AT THE START OF FLASH
00003a e0f1      	LDI  R31,1
00003b bffb      	OUT  GICR,R31
00003c bfeb      	OUT  GICR,R30
00003d bfe5      	OUT  MCUCR,R30
                 
                 ;CLEAR R2-R14
00003e e08d      	LDI  R24,(14-2)+1
00003f e0a2      	LDI  R26,2
000040 27bb      	CLR  R27
                 __CLEAR_REG:
000041 93ed      	ST   X+,R30
000042 958a      	DEC  R24
000043 f7e9      	BRNE __CLEAR_REG
                 
                 ;CLEAR SRAM
000044 e080      	LDI  R24,LOW(__CLEAR_SRAM_SIZE)
000045 e098      	LDI  R25,HIGH(__CLEAR_SRAM_SIZE)
000046 e6a0      	LDI  R26,__SRAM_START
                 __CLEAR_SRAM:
000047 93ed      	ST   X+,R30
000048 9701      	SBIW R24,1
000049 f7e9      	BRNE __CLEAR_SRAM
                 
                 ;GLOBAL VARIABLES INITIALIZATION
00004a e6e0      	LDI  R30,LOW(__GLOBAL_INI_TBL*2)
00004b e0f0      	LDI  R31,HIGH(__GLOBAL_INI_TBL*2)
                 __GLOBAL_INI_NEXT:
00004c 9185      	LPM  R24,Z+
00004d 9195      	LPM  R25,Z+
00004e 9700      	SBIW R24,0
00004f f061      	BREQ __GLOBAL_INI_END
000050 91a5      	LPM  R26,Z+
000051 91b5      	LPM  R27,Z+
000052 9005      	LPM  R0,Z+
000053 9015      	LPM  R1,Z+
000054 01bf      	MOVW R22,R30
000055 01f0      	MOVW R30,R0
                 __GLOBAL_INI_LOOP:
000056 9005      	LPM  R0,Z+
000057 920d      	ST   X+,R0
000058 9701      	SBIW R24,1
000059 f7e1      	BRNE __GLOBAL_INI_LOOP
00005a 01fb      	MOVW R30,R22
00005b cff0      	RJMP __GLOBAL_INI_NEXT
                 __GLOBAL_INI_END:
                 
                 ;HARDWARE STACK POINTER INITIALIZATION
00005c e5ef      	LDI  R30,LOW(__SRAM_END-__HEAP_SIZE)
00005d bfed      	OUT  SPL,R30
00005e e0e8      	LDI  R30,HIGH(__SRAM_END-__HEAP_SIZE)
00005f bfee      	OUT  SPH,R30
                 
                 ;DATA STACK POINTER INITIALIZATION
000060 e6c0      	LDI  R28,LOW(__SRAM_START+__DSTACK_SIZE)
000061 e0d2      	LDI  R29,HIGH(__SRAM_START+__DSTACK_SIZE)
                 
000062 940c 0064 	JMP  _main
                 
                 	.ESEG
                 	.ORG 0
                 
                 	.DSEG
                 	.ORG 0x260
                 
                 	.CSEG
                 ;/*******************************************************
                 ;This program was created by the
                 ;CodeWizardAVR V3.12 Advanced
                 ;Automatic Program Generator
                 ;© Copyright 1998-2014 Pavel Haiduc, HP InfoTech s.r.l.
                 ;http://www.hpinfotech.com
                 ;
                 ;Project : Micro Lab_1
                 ;Date    : 2021-10-01
                 ;Author  : Sara Baradaran
                 ;
                 ;Chip type               : ATmega32
                 ;AVR Core Clock frequency: 8/000000 MHz
                 ;Memory model            : Small
                 ;External RAM size       : 0
                 ;Data Stack size         : 512
                 ;*******************************************************/
                 ;
                 ;#include <mega32.h>
                 	#ifndef __SLEEP_DEFINED__
                 	#define __SLEEP_DEFINED__
                 	.EQU __se_bit=0x80
                 	.EQU __sm_mask=0x70
                 	.EQU __sm_powerdown=0x20
                 	.EQU __sm_powersave=0x30
                 	.EQU __sm_standby=0x60
                 	.EQU __sm_ext_standby=0x70
                 	.EQU __sm_adc_noise_red=0x10
                 	.SET power_ctrl_reg=mcucr
                 	#endif
                 ;#include <delay.h>
                 ;// Declare your global variables here
                 ;
                 ;char numbers [10] = {0x3F, 0x06, 0x5B, 0x4F, 0x66, 0x6D, 0x7D, 0x07, 0x7F, 0x6F };
                 
                 	.DSEG
                 ;char counter_status=0;
                 ;char digits[4];
                 ;
                 ;void ports_setup();
                 ;void subRoutin_1();
                 ;void subRoutin_2();
                 ;void subRoutin_3();
                 ;void subRoutin_4();
                 ;void subRoutin_5();
                 ;void subRoutin_6();
                 ;
                 ;void main(void){
                 ; 0000 0023 void main(void){
                 
                 	.CSEG
                 _main:
                 ; .FSTART _main
                 ; 0000 0024 
                 ; 0000 0025     ports_setup();
000064 d008      	RCALL _ports_setup
                 ; 0000 0026     subRoutin_1();
000065 d017      	RCALL _subRoutin_1
                 ; 0000 0027     subRoutin_2();
000066 d023      	RCALL _subRoutin_2
                 ; 0000 0028     subRoutin_4();
000067 d035      	RCALL _subRoutin_4
                 ; 0000 0029 
                 ; 0000 002A     while(1){
                 _0x4:
                 ; 0000 002B 
                 ; 0000 002C         subRoutin_3();
000068 d031      	RCALL _subRoutin_3
                 ; 0000 002D         subRoutin_5();
000069 d046      	RCALL _subRoutin_5
                 ; 0000 002E         subRoutin_6();
00006a d0fa      	RCALL _subRoutin_6
                 ; 0000 002F     }
00006b cffc      	RJMP _0x4
                 ; 0000 0030 }
                 _0x7:
00006c cfff      	RJMP _0x7
                 ; .FEND
                 ;
                 ;void ports_setup(){
                 ; 0000 0032 void ports_setup(){
                 _ports_setup:
                 ; .FSTART _ports_setup
                 ; 0000 0033 
                 ; 0000 0034     // Input/Output Ports initialization
                 ; 0000 0035     // Port A initialization
                 ; 0000 0036     // Function: Bit7=In Bit6=In Bit5=In Bit4=In Bit3=In Bit2=In Bit1=In Bit0=In
                 ; 0000 0037     DDRA=(0<<DDA7) | (0<<DDA6) | (0<<DDA5) | (0<<DDA4) | (0<<DDA3) | (0<<DDA2) | (0<<DDA1) | (0<<DDA0);
00006d e0e0      	LDI  R30,LOW(0)
00006e bbea      	OUT  0x1A,R30
                 ; 0000 0038     // State: Bit7=T Bit6=T Bit5=T Bit4=T Bit3=T Bit2=T Bit1=T Bit0=T
                 ; 0000 0039     PORTA=(0<<PORTA7) | (0<<PORTA6) | (0<<PORTA5) | (0<<PORTA4) | (0<<PORTA3) | (0<<PORTA2) | (0<<PORTA1) | (0<<PORTA0);
00006f bbeb      	OUT  0x1B,R30
                 ; 0000 003A 
                 ; 0000 003B     // Port B initialization
                 ; 0000 003C     // Function: Bit7=Out Bit6=Out Bit5=Out Bit4=Out Bit3=Out Bit2=Out Bit1=Out Bit0=Out
                 ; 0000 003D     DDRB=(1<<DDB7) | (1<<DDB6) | (1<<DDB5) | (1<<DDB4) | (1<<DDB3) | (1<<DDB2) | (1<<DDB1) | (1<<DDB0);
000070 efef      	LDI  R30,LOW(255)
000071 bbe7      	OUT  0x17,R30
                 ; 0000 003E     // State: Bit7=0 Bit6=0 Bit5=0 Bit4=0 Bit3=0 Bit2=0 Bit1=0 Bit0=0
                 ; 0000 003F     PORTB=(0<<PORTB7) | (0<<PORTB6) | (0<<PORTB5) | (0<<PORTB4) | (0<<PORTB3) | (0<<PORTB2) | (0<<PORTB1) | (0<<PORTB0);
000072 e0e0      	LDI  R30,LOW(0)
000073 bbe8      	OUT  0x18,R30
                 ; 0000 0040 
                 ; 0000 0041     // Port C initialization
                 ; 0000 0042     // Function: Bit7=Out Bit6=Out Bit5=Out Bit4=Out Bit3=Out Bit2=Out Bit1=Out Bit0=Out
                 ; 0000 0043     DDRC=(1<<DDC7) | (1<<DDC6) | (1<<DDC5) | (1<<DDC4) | (1<<DDC3) | (1<<DDC2) | (1<<DDC1) | (1<<DDC0);
000074 efef      	LDI  R30,LOW(255)
000075 bbe4      	OUT  0x14,R30
                 ; 0000 0044     // State: Bit7=0 Bit6=0 Bit5=0 Bit4=0 Bit3=0 Bit2=0 Bit1=0 Bit0=0
                 ; 0000 0045     PORTC=(0<<PORTC7) | (0<<PORTC6) | (0<<PORTC5) | (0<<PORTC4) | (0<<PORTC3) | (0<<PORTC2) | (0<<PORTC1) | (0<<PORTC0);
000076 e0e0      	LDI  R30,LOW(0)
000077 bbe5      	OUT  0x15,R30
                 ; 0000 0046 
                 ; 0000 0047     // Port D initialization
                 ; 0000 0048     // Function: Bit7=In Bit6=In Bit5=In Bit4=In Bit3=Out Bit2=Out Bit1=Out Bit0=Out
                 ; 0000 0049     DDRD=(0<<DDD7) | (0<<DDD6) | (0<<DDD5) | (0<<DDD4) | (1<<DDD3) | (1<<DDD2) | (1<<DDD1) | (1<<DDD0);
000078 e0ef      	LDI  R30,LOW(15)
000079 bbe1      	OUT  0x11,R30
                 ; 0000 004A     // State: Bit7=T Bit6=T Bit5=T Bit4=T Bit3=0 Bit2=0 Bit1=0 Bit0=0
                 ; 0000 004B     PORTD=(0<<PORTD7) | (0<<PORTD6) | (0<<PORTD5) | (0<<PORTD4) | (0<<PORTD3) | (0<<PORTD2) | (0<<PORTD1) | (0<<PORTD0);
00007a e0e0      	LDI  R30,LOW(0)
00007b bbe2      	OUT  0x12,R30
                 ; 0000 004C }
00007c 9508      	RET
                 ; .FEND
                 ;
                 ;void subRoutin_1(){
                 ; 0000 004E void subRoutin_1(){
                 _subRoutin_1:
                 ; .FSTART _subRoutin_1
                 ; 0000 004F 
                 ; 0000 0050     char counter;
                 ; 0000 0051     for (counter=0; counter<4; counter++){
00007d 931a      	ST   -Y,R17
                 ;	counter -> R17
00007e e010      	LDI  R17,LOW(0)
                 _0x9:
00007f 3014      	CPI  R17,4
000080 f440      	BRSH _0xA
                 ; 0000 0052         PORTB = 0XFF;
000081 efef      	LDI  R30,LOW(255)
000082 bbe8      	OUT  0x18,R30
                 ; 0000 0053         delay_ms(500);
000083 d0f6      	RCALL SUBOPT_0x0
                 ; 0000 0054         PORTB = 0X00;
000084 e0e0      	LDI  R30,LOW(0)
000085 bbe8      	OUT  0x18,R30
                 ; 0000 0055         delay_ms(500);
000086 d0f3      	RCALL SUBOPT_0x0
                 ; 0000 0056     }
000087 5f1f      	SUBI R17,-1
000088 cff6      	RJMP _0x9
                 _0xA:
                 ; 0000 0057 }
000089 c0d9      	RJMP _0x2000001
                 ; .FEND
                 ;
                 ;void subRoutin_2(){
                 ; 0000 0059 void subRoutin_2(){
                 _subRoutin_2:
                 ; .FSTART _subRoutin_2
                 ; 0000 005A 
                 ; 0000 005B     char counter;
                 ; 0000 005C     PORTB = 0x01;
00008a 931a      	ST   -Y,R17
                 ;	counter -> R17
00008b e0e1      	LDI  R30,LOW(1)
00008c bbe8      	OUT  0x18,R30
                 ; 0000 005D     for (counter=0; counter<8; counter++){
00008d e010      	LDI  R17,LOW(0)
                 _0xC:
00008e 3018      	CPI  R17,8
00008f f448      	BRSH _0xD
                 ; 0000 005E         delay_ms(375); // 3000/8=375
000090 e7a7      	LDI  R26,LOW(375)
000091 e0b1      	LDI  R27,HIGH(375)
000092 940e 0197 	CALL _delay_ms
                 ; 0000 005F         PORTB = PORTB << 1;
000094 b3e8      	IN   R30,0x18
000095 0fee      	LSL  R30
000096 bbe8      	OUT  0x18,R30
                 ; 0000 0060     }
000097 5f1f      	SUBI R17,-1
000098 cff5      	RJMP _0xC
                 _0xD:
                 ; 0000 0061 }
000099 c0c9      	RJMP _0x2000001
                 ; .FEND
                 ;
                 ;void subRoutin_3(){
                 ; 0000 0063 void subRoutin_3(){
                 _subRoutin_3:
                 ; .FSTART _subRoutin_3
                 ; 0000 0064 
                 ; 0000 0065     PORTB = PINA;
00009a b3e9      	IN   R30,0x19
00009b bbe8      	OUT  0x18,R30
                 ; 0000 0066 }
00009c 9508      	RET
                 ; .FEND
                 ;
                 ;void subRoutin_4(){
                 ; 0000 0068 void subRoutin_4(){
                 _subRoutin_4:
                 ; .FSTART _subRoutin_4
                 ; 0000 0069 
                 ; 0000 006A     char counter;
                 ; 0000 006B     PORTD = 0x00;
00009d 931a      	ST   -Y,R17
                 ;	counter -> R17
00009e e0e0      	LDI  R30,LOW(0)
00009f bbe2      	OUT  0x12,R30
                 ; 0000 006C     for (counter=0; counter<10; counter++){
0000a0 e010      	LDI  R17,LOW(0)
                 _0xF:
0000a1 301a      	CPI  R17,10
0000a2 f460      	BRSH _0x10
                 ; 0000 006D         PORTC = numbers[9 - counter];
0000a3 2fe1      	MOV  R30,R17
0000a4 e0f0      	LDI  R31,0
0000a5 e0a9      	LDI  R26,LOW(9)
0000a6 e0b0      	LDI  R27,HIGH(9)
0000a7 940e 01d9 	CALL __SWAPW12
0000a9 1bea      	SUB  R30,R26
0000aa 0bfb      	SBC  R31,R27
0000ab d0d2      	RCALL SUBOPT_0x1
                 ; 0000 006E         delay_ms(500);
0000ac d0cd      	RCALL SUBOPT_0x0
                 ; 0000 006F     }
0000ad 5f1f      	SUBI R17,-1
0000ae cff2      	RJMP _0xF
                 _0x10:
                 ; 0000 0070 }
0000af c0b3      	RJMP _0x2000001
                 ; .FEND
                 ;
                 ;void subRoutin_5(){
                 ; 0000 0072 void subRoutin_5(){
                 _subRoutin_5:
                 ; .FSTART _subRoutin_5
                 ; 0000 0073 
                 ; 0000 0074     char counter;
                 ; 0000 0075     if (counter_status == 0){
0000b0 931a      	ST   -Y,R17
                 ;	counter -> R17
0000b1 2055      	TST  R5
0000b2 f009      	BREQ PC+2
0000b3 c056      	RJMP _0x11
                 ; 0000 0076         char number = (PINA.0) + (PINA.1 * 2) + (PINA.2 * 4) + (PINA.3 * 8) +
                 ; 0000 0077         (PINA.4 * 16) + (PINA.5 * 32) + (PINA.6 * 64) + (PINA.7 * 128);
                 ; 0000 0078         digits[0] = 0;
0000b4 9721      	SBIW R28,1
                 ;	number -> Y+0
0000b5 e0e0      	LDI  R30,0
0000b6 99c8      	SBIC 0x19,0
0000b7 e0e1      	LDI  R30,1
0000b8 2f6e      	MOV  R22,R30
0000b9 e0a0      	LDI  R26,0
0000ba 99c9      	SBIC 0x19,1
0000bb e0a1      	LDI  R26,1
0000bc e0e2      	LDI  R30,LOW(2)
0000bd 9fea      	MUL  R30,R26
0000be 01f0      	MOVW R30,R0
0000bf 0f6e      	ADD  R22,R30
0000c0 e0a0      	LDI  R26,0
0000c1 99ca      	SBIC 0x19,2
0000c2 e0a1      	LDI  R26,1
0000c3 e0e4      	LDI  R30,LOW(4)
0000c4 9fea      	MUL  R30,R26
0000c5 01f0      	MOVW R30,R0
0000c6 0f6e      	ADD  R22,R30
0000c7 e0a0      	LDI  R26,0
0000c8 99cb      	SBIC 0x19,3
0000c9 e0a1      	LDI  R26,1
0000ca e0e8      	LDI  R30,LOW(8)
0000cb 9fea      	MUL  R30,R26
0000cc 01f0      	MOVW R30,R0
0000cd 0f6e      	ADD  R22,R30
0000ce e0a0      	LDI  R26,0
0000cf 99cc      	SBIC 0x19,4
0000d0 e0a1      	LDI  R26,1
0000d1 e1e0      	LDI  R30,LOW(16)
0000d2 9fea      	MUL  R30,R26
0000d3 01f0      	MOVW R30,R0
0000d4 0f6e      	ADD  R22,R30
0000d5 e0a0      	LDI  R26,0
0000d6 99cd      	SBIC 0x19,5
0000d7 e0a1      	LDI  R26,1
0000d8 e2e0      	LDI  R30,LOW(32)
0000d9 9fea      	MUL  R30,R26
0000da 01f0      	MOVW R30,R0
0000db 0f6e      	ADD  R22,R30
0000dc e0a0      	LDI  R26,0
0000dd 99ce      	SBIC 0x19,6
0000de e0a1      	LDI  R26,1
0000df e4e0      	LDI  R30,LOW(64)
0000e0 9fea      	MUL  R30,R26
0000e1 01f0      	MOVW R30,R0
0000e2 0f6e      	ADD  R22,R30
0000e3 e0a0      	LDI  R26,0
0000e4 99cf      	SBIC 0x19,7
0000e5 e0a1      	LDI  R26,1
0000e6 e8e0      	LDI  R30,LOW(128)
0000e7 9fea      	MUL  R30,R26
0000e8 01f0      	MOVW R30,R0
0000e9 0fe6      	ADD  R30,R22
0000ea 83e8      	ST   Y,R30
0000eb e0e0      	LDI  R30,LOW(0)
0000ec 93e0 026a 	STS  _digits,R30
                 ; 0000 0079         digits[1] = (number % 10);
0000ee 81a8      	LD   R26,Y
0000ef 27bb      	CLR  R27
0000f0 d092      	RCALL SUBOPT_0x2
                +
0000f1 93e0 026b+STS _digits + ( 1 ) , R30
                 	__PUTB1MN _digits,1
                 ; 0000 007A         digits[2] = (number /10) % 10;
0000f3 81a8      	LD   R26,Y
0000f4 e0b0      	LDI  R27,0
0000f5 e0ea      	LDI  R30,LOW(10)
0000f6 e0f0      	LDI  R31,HIGH(10)
0000f7 940e 01b8 	CALL __DIVW21
0000f9 01df      	MOVW R26,R30
0000fa d088      	RCALL SUBOPT_0x2
                +
0000fb 93e0 026c+STS _digits + ( 2 ) , R30
                 	__PUTB1MN _digits,2
                 ; 0000 007B         digits[3] = (number / 100) % 10;
0000fd 81a8      	LD   R26,Y
0000fe e0b0      	LDI  R27,0
0000ff e6e4      	LDI  R30,LOW(100)
000100 e0f0      	LDI  R31,HIGH(100)
000101 940e 01b8 	CALL __DIVW21
000103 01df      	MOVW R26,R30
000104 d07e      	RCALL SUBOPT_0x2
                +
000105 93e0 026d+STS _digits + ( 3 ) , R30
                 	__PUTB1MN _digits,3
                 ; 0000 007C         counter_status = 1;
000107 e0e1      	LDI  R30,LOW(1)
000108 2e5e      	MOV  R5,R30
                 ; 0000 007D     }
000109 9621      	ADIW R28,1
                 ; 0000 007E 
                 ; 0000 007F     // 5 * (4*5ms) = 100 ms
                 ; 0000 0080     for (counter=0; counter<5; counter++){
                 _0x11:
00010a e010      	LDI  R17,LOW(0)
                 _0x13:
00010b 3015      	CPI  R17,5
00010c f510      	BRSH _0x14
                 ; 0000 0081         PORTD = 0x07;
00010d e0e7      	LDI  R30,LOW(7)
00010e bbe2      	OUT  0x12,R30
                 ; 0000 0082         PORTC = numbers[digits[0]];
00010f 91e0 026a 	LDS  R30,_digits
000111 e0f0      	LDI  R31,0
000112 d06b      	RCALL SUBOPT_0x1
                 ; 0000 0083         delay_ms(5);
000113 d074      	RCALL SUBOPT_0x3
                 ; 0000 0084         PORTD = 0x0B;
000114 e0eb      	LDI  R30,LOW(11)
000115 bbe2      	OUT  0x12,R30
                 ; 0000 0085         PORTC = numbers[digits[1]] | 0x80;
                +
000116 91e0 026b+LDS R30 , _digits + ( 1 )
                 	__GETB1MN _digits,1
000118 e0f0      	LDI  R31,0
000119 5ae0      	SUBI R30,LOW(-_numbers)
00011a 4ffd      	SBCI R31,HIGH(-_numbers)
00011b 81e0      	LD   R30,Z
00011c 68e0      	ORI  R30,0x80
00011d bbe5      	OUT  0x15,R30
                 ; 0000 0086         delay_ms(5);
00011e d069      	RCALL SUBOPT_0x3
                 ; 0000 0087         PORTD = 0x0D;
00011f e0ed      	LDI  R30,LOW(13)
000120 bbe2      	OUT  0x12,R30
                 ; 0000 0088         PORTC = numbers[digits[2]];
                +
000121 91e0 026c+LDS R30 , _digits + ( 2 )
                 	__GETB1MN _digits,2
000123 e0f0      	LDI  R31,0
000124 d059      	RCALL SUBOPT_0x1
                 ; 0000 0089         delay_ms(5);
000125 d062      	RCALL SUBOPT_0x3
                 ; 0000 008A         PORTD = 0x0E;
000126 e0ee      	LDI  R30,LOW(14)
000127 bbe2      	OUT  0x12,R30
                 ; 0000 008B         PORTC = numbers[digits[3]];
                +
000128 91e0 026d+LDS R30 , _digits + ( 3 )
                 	__GETB1MN _digits,3
00012a e0f0      	LDI  R31,0
00012b d052      	RCALL SUBOPT_0x1
                 ; 0000 008C         delay_ms(5);
00012c d05b      	RCALL SUBOPT_0x3
                 ; 0000 008D     }
00012d 5f1f      	SUBI R17,-1
00012e cfdc      	RJMP _0x13
                 _0x14:
                 ; 0000 008E 
                 ; 0000 008F     if (digits[0] == 0){
00012f 91e0 026a 	LDS  R30,_digits
000131 30e0      	CPI  R30,0
000132 f559      	BRNE _0x15
                 ; 0000 0090         if (digits[1] == 0){
                +
000133 91e0 026b+LDS R30 , _digits + ( 1 )
                 	__GETB1MN _digits,1
000135 30e0      	CPI  R30,0
000136 f4e9      	BRNE _0x16
                 ; 0000 0091             if (digits[2] == 0){
                +
000137 91e0 026c+LDS R30 , _digits + ( 2 )
                 	__GETB1MN _digits,2
000139 30e0      	CPI  R30,0
00013a f491      	BRNE _0x17
                 ; 0000 0092                 if (digits[3] == 0){
                +
00013b 91e0 026d+LDS R30 , _digits + ( 3 )
                 	__GETB1MN _digits,3
00013d 30e0      	CPI  R30,0
00013e f411      	BRNE _0x18
                 ; 0000 0093                     counter_status = 0;
00013f 2455      	CLR  R5
                 ; 0000 0094                     return;
000140 c022      	RJMP _0x2000001
                 ; 0000 0095                 }
                 ; 0000 0096                 else{
                 _0x18:
                 ; 0000 0097                     digits[3] -= 01;
                +
000141 91e0 026d+LDS R30 , _digits + ( 3 )
                 	__GETB1MN _digits,3
000143 50e1      	SUBI R30,LOW(1)
                +
000144 93e0 026d+STS _digits + ( 3 ) , R30
                 	__PUTB1MN _digits,3
                 ; 0000 0098                     digits[2] += 10;
                +
000146 91e0 026c+LDS R30 , _digits + ( 2 )
                 	__GETB1MN _digits,2
000148 5fe6      	SUBI R30,-LOW(10)
                +
000149 93e0 026c+STS _digits + ( 2 ) , R30
                 	__PUTB1MN _digits,2
                 ; 0000 0099                     digits[1] += 10;
00014b d040      	RCALL SUBOPT_0x4
                 ; 0000 009A                     digits[0] += 10;
                 ; 0000 009B                 }
                 ; 0000 009C             }
                 ; 0000 009D             else{
00014c c001      	RJMP _0x1A
                 _0x17:
                 ; 0000 009E                 digits[1] += 10;
00014d d03e      	RCALL SUBOPT_0x4
                 ; 0000 009F                 digits[0] += 10;
                 ; 0000 00A0             }
                 _0x1A:
                 ; 0000 00A1             digits[2] -= 01;
                +
00014e 91e0 026c+LDS R30 , _digits + ( 2 )
                 	__GETB1MN _digits,2
000150 50e1      	SUBI R30,LOW(1)
                +
000151 93e0 026c+STS _digits + ( 2 ) , R30
                 	__PUTB1MN _digits,2
                 ; 0000 00A2         }
                 ; 0000 00A3         else{
000153 c005      	RJMP _0x1B
                 _0x16:
                 ; 0000 00A4             digits[0] += 10;
000154 91e0 026a 	LDS  R30,_digits
000156 5fe6      	SUBI R30,-LOW(10)
000157 93e0 026a 	STS  _digits,R30
                 ; 0000 00A5         }
                 _0x1B:
                 ; 0000 00A6         digits[1] -= 01;
                +
000159 91e0 026b+LDS R30 , _digits + ( 1 )
                 	__GETB1MN _digits,1
00015b 50e1      	SUBI R30,LOW(1)
                +
00015c 93e0 026b+STS _digits + ( 1 ) , R30
                 	__PUTB1MN _digits,1
                 ; 0000 00A7     }
                 ; 0000 00A8     digits[0] -= 02;
                 _0x15:
00015e 91e0 026a 	LDS  R30,_digits
000160 50e2      	SUBI R30,LOW(2)
000161 93e0 026a 	STS  _digits,R30
                 ; 0000 00A9 }
                 _0x2000001:
000163 9119      	LD   R17,Y+
000164 9508      	RET
                 ; .FEND
                 ;
                 ;void subRoutin_6(){
                 ; 0000 00AB void subRoutin_6(){
                 _subRoutin_6:
                 ; .FSTART _subRoutin_6
                 ; 0000 00AC 
                 ; 0000 00AD     if( PIND.7 == 0)
000165 9987      	SBIC 0x10,7
000166 c003      	RJMP _0x1C
                 ; 0000 00AE          digits[3] = 0;
000167 e0e0      	LDI  R30,LOW(0)
                +
000168 93e0 026d+STS _digits + ( 3 ) , R30
                 	__PUTB1MN _digits,3
                 ; 0000 00AF 
                 ; 0000 00B0     if( PIND.6 == 0)
                 _0x1C:
00016a 9986      	SBIC 0x10,6
00016b c003      	RJMP _0x1D
                 ; 0000 00B1          digits[2] = 0;
00016c e0e0      	LDI  R30,LOW(0)
                +
00016d 93e0 026c+STS _digits + ( 2 ) , R30
                 	__PUTB1MN _digits,2
                 ; 0000 00B2 
                 ; 0000 00B3     if( PIND.5 == 0)
                 _0x1D:
00016f 9985      	SBIC 0x10,5
000170 c003      	RJMP _0x1E
                 ; 0000 00B4          digits[1] = 0;
000171 e0e0      	LDI  R30,LOW(0)
                +
000172 93e0 026b+STS _digits + ( 1 ) , R30
                 	__PUTB1MN _digits,1
                 ; 0000 00B5 
                 ; 0000 00B6     if( PIND.4 == 0)
                 _0x1E:
000174 9984      	SBIC 0x10,4
000175 c003      	RJMP _0x1F
                 ; 0000 00B7          digits[0] = 0;
000176 e0e0      	LDI  R30,LOW(0)
000177 93e0 026a 	STS  _digits,R30
                 ; 0000 00B8 }
                 _0x1F:
000179 9508      	RET
                 ; .FEND
                 
                 	.DSEG
                 _numbers:
000260           	.BYTE 0xA
                 _digits:
00026a           	.BYTE 0x4
                 
                 	.CSEG
                 ;OPTIMIZER ADDED SUBROUTINE, CALLED 3 TIMES, CODE SIZE REDUCTION:1 WORDS
                 SUBOPT_0x0:
00017a efa4      	LDI  R26,LOW(500)
00017b e0b1      	LDI  R27,HIGH(500)
00017c 940c 0197 	JMP  _delay_ms
                 
                 ;OPTIMIZER ADDED SUBROUTINE, CALLED 4 TIMES, CODE SIZE REDUCTION:3 WORDS
                 SUBOPT_0x1:
00017e 5ae0      	SUBI R30,LOW(-_numbers)
00017f 4ffd      	SBCI R31,HIGH(-_numbers)
000180 81e0      	LD   R30,Z
000181 bbe5      	OUT  0x15,R30
000182 9508      	RET
                 
                 ;OPTIMIZER ADDED SUBROUTINE, CALLED 3 TIMES, CODE SIZE REDUCTION:1 WORDS
                 SUBOPT_0x2:
000183 e0ea      	LDI  R30,LOW(10)
000184 e0f0      	LDI  R31,HIGH(10)
000185 940e 01bd 	CALL __MODW21
000187 9508      	RET
                 
                 ;OPTIMIZER ADDED SUBROUTINE, CALLED 4 TIMES, CODE SIZE REDUCTION:3 WORDS
                 SUBOPT_0x3:
000188 e0a5      	LDI  R26,LOW(5)
000189 e0b0      	LDI  R27,0
00018a 940c 0197 	JMP  _delay_ms
                 
                 ;OPTIMIZER ADDED SUBROUTINE, CALLED 2 TIMES, CODE SIZE REDUCTION:5 WORDS
                 SUBOPT_0x4:
                +
00018c 91e0 026b+LDS R30 , _digits + ( 1 )
                 	__GETB1MN _digits,1
00018e 5fe6      	SUBI R30,-LOW(10)
                +
00018f 93e0 026b+STS _digits + ( 1 ) , R30
                 	__PUTB1MN _digits,1
000191 91e0 026a 	LDS  R30,_digits
000193 5fe6      	SUBI R30,-LOW(10)
000194 93e0 026a 	STS  _digits,R30
000196 9508      	RET
                 
                 
                 	.CSEG
                 _delay_ms:
000197 9610      	adiw r26,0
000198 f039      	breq __delay_ms1
                 __delay_ms0:
                +
000199 ed80     +LDI R24 , LOW ( 0x7D0 )
00019a e097     +LDI R25 , HIGH ( 0x7D0 )
                +__DELAY_USW_LOOP :
00019b 9701     +SBIW R24 , 1
00019c f7f1     +BRNE __DELAY_USW_LOOP
                 	__DELAY_USW 0x7D0
00019d 95a8      	wdr
00019e 9711      	sbiw r26,1
00019f f7c9      	brne __delay_ms0
                 __delay_ms1:
0001a0 9508      	ret
                 
                 __ANEGW1:
0001a1 95f1      	NEG  R31
0001a2 95e1      	NEG  R30
0001a3 40f0      	SBCI R31,0
0001a4 9508      	RET
                 
                 __DIVW21U:
0001a5 2400      	CLR  R0
0001a6 2411      	CLR  R1
0001a7 e190      	LDI  R25,16
                 __DIVW21U1:
0001a8 0faa      	LSL  R26
0001a9 1fbb      	ROL  R27
0001aa 1c00      	ROL  R0
0001ab 1c11      	ROL  R1
0001ac 1a0e      	SUB  R0,R30
0001ad 0a1f      	SBC  R1,R31
0001ae f418      	BRCC __DIVW21U2
0001af 0e0e      	ADD  R0,R30
0001b0 1e1f      	ADC  R1,R31
0001b1 c001      	RJMP __DIVW21U3
                 __DIVW21U2:
0001b2 60a1      	SBR  R26,1
                 __DIVW21U3:
0001b3 959a      	DEC  R25
0001b4 f799      	BRNE __DIVW21U1
0001b5 01fd      	MOVW R30,R26
0001b6 01d0      	MOVW R26,R0
0001b7 9508      	RET
                 
                 __DIVW21:
0001b8 d012      	RCALL __CHKSIGNW
0001b9 dfeb      	RCALL __DIVW21U
0001ba f40e      	BRTC __DIVW211
0001bb dfe5      	RCALL __ANEGW1
                 __DIVW211:
0001bc 9508      	RET
                 
                 __MODW21:
0001bd 94e8      	CLT
0001be ffb7      	SBRS R27,7
0001bf c004      	RJMP __MODW211
0001c0 95a0      	COM  R26
0001c1 95b0      	COM  R27
0001c2 9611      	ADIW R26,1
0001c3 9468      	SET
                 __MODW211:
0001c4 fdf7      	SBRC R31,7
0001c5 dfdb      	RCALL __ANEGW1
0001c6 dfde      	RCALL __DIVW21U
0001c7 01fd      	MOVW R30,R26
0001c8 f40e      	BRTC __MODW212
0001c9 dfd7      	RCALL __ANEGW1
                 __MODW212:
0001ca 9508      	RET
                 
                 __CHKSIGNW:
0001cb 94e8      	CLT
0001cc fff7      	SBRS R31,7
0001cd c002      	RJMP __CHKSW1
0001ce dfd2      	RCALL __ANEGW1
0001cf 9468      	SET
                 __CHKSW1:
0001d0 ffb7      	SBRS R27,7
0001d1 c006      	RJMP __CHKSW2
0001d2 95a0      	COM  R26
0001d3 95b0      	COM  R27
0001d4 9611      	ADIW R26,1
0001d5 f800      	BLD  R0,0
0001d6 9403      	INC  R0
0001d7 fa00      	BST  R0,0
                 __CHKSW2:
0001d8 9508      	RET
                 
                 __SWAPW12:
0001d9 2e1b      	MOV  R1,R27
0001da 2fbf      	MOV  R27,R31
0001db 2df1      	MOV  R31,R1
                 
                 __SWAPB12:
0001dc 2e1a      	MOV  R1,R26
0001dd 2fae      	MOV  R26,R30
0001de 2de1      	MOV  R30,R1
0001df 9508      	RET
                 
                 ;END OF CODE MARKER
                 __END_OF_CODE:


RESOURCE USE INFORMATION
------------------------

Notice:
The register and instruction counts are symbol table hit counts,
and hence implicitly used resources are not counted, eg, the
'lpm' instruction without operands implicitly uses r0 and z,
none of which are counted.

x,y,z are separate entities in the symbol table and are
counted separately from r26..r31 here.

.dseg memory usage only counts static data declared with .byte

ATmega32 register use summary:
r0 :  19 r1 :   9 r2 :   0 r3 :   0 r4 :   0 r5 :   3 r6 :   0 r7 :   0 
r8 :   0 r9 :   0 r10:   0 r11:   0 r12:   0 r13:   0 r14:   0 r15:   0 
r16:   0 r17:  18 r18:   0 r19:   0 r20:   0 r21:   0 r22:  10 r23:   0 
r24:   9 r25:   5 r26:  47 r27:  17 r28:   3 r29:   1 r30: 154 r31:  22 
x  :   3 y  :   9 z  :   9 
Registers used: 16 out of 35 (45.7%)

ATmega32 instruction use summary:
.lds  :   0 .lds.l:   0 .sts  :   0 .sts.l:   0 adc   :   1 add   :   8 
adiw  :   4 and   :   0 andi  :   0 asr   :   0 bclr  :   0 bld   :   1 
brbc  :   0 brbs  :   0 brcc  :   1 brcs  :   0 break :   0 breq  :   3 
brge  :   0 brhc  :   0 brhs  :   0 brid  :   0 brie  :   0 brlo  :   0 
brlt  :   0 brmi  :   0 brne  :  10 brpl  :   0 brsh  :   4 brtc  :   2 
brts  :   0 brvc  :   0 brvs  :   0 bset  :   0 bst   :   1 call  :   5 
cbi   :   0 cbr   :   0 clc   :   0 clh   :   0 cli   :   1 cln   :   0 
clr   :   6 cls   :   0 clt   :   2 clv   :   0 clz   :   0 com   :   4 
cp    :   0 cpc   :   0 cpi   :   8 cpse  :   0 dec   :   2 des   :   0 
eor   :   0 fmul  :   0 fmuls :   0 fmulsu:   0 icall :   0 ijmp  :   0 
in    :   2 inc   :   1 jmp   :  24 ld    :   6 ldd   :   0 ldi   :  84 
lds   :  16 lpm   :   7 lsl   :   2 lsr   :   0 mov   :   9 movw  :  15 
mul   :   7 muls  :   0 mulsu :   0 neg   :   2 nop   :   0 or    :   0 
ori   :   1 out   :  26 pop   :   0 push  :   0 rcall :  30 ret   :  14 
reti  :   0 rjmp  :  22 rol   :   3 ror   :   0 sbc   :   2 sbci  :   3 
sbi   :   0 sbic  :  12 sbis  :   0 sbiw  :   6 sbr   :   1 sbrc  :   1 
sbrs  :   3 sec   :   0 seh   :   0 sei   :   0 sen   :   0 ser   :   0 
ses   :   0 set   :   2 sev   :   0 sez   :   0 sleep :   0 spm   :   0 
st    :   8 std   :   0 sts   :  16 sub   :   2 subi  :  14 swap  :   0 
tst   :   1 wdr   :   1 
Instructions used: 49 out of 116 (42.2%)

ATmega32 memory use summary [bytes]:
Segment   Begin    End      Code   Data   Used    Size   Use%
---------------------------------------------------------------
[.cseg] 0x000000 0x0003c0    934     26    960   32768   2.9%
[.dseg] 0x000060 0x00026e      0     14     14    2048   0.7%
[.eseg] 0x000000 0x000000      0      0      0    1024   0.0%

Assembly complete, 0 errors, 2 warnings
